<?xml version="1.0" encoding="UTF-8"?>
<testng-results total="3" passed="3" failed="0" skipped="0">
  <reporter-output>
  </reporter-output>
  <suite started-at="2024-07-26T10:40:53Z" name="Default suite" finished-at="2024-07-26T10:40:57Z" duration-ms="3559">
    <groups>
    </groups>
    <test started-at="2024-07-26T10:40:53Z" name="Default test" finished-at="2024-07-26T10:40:57Z" duration-ms="3559">
      <class name="bookLibrary.DynamiccJson2">
        <test-method signature="addBook(java.lang.String, java.lang.String)" started-at="2024-07-26T10:40:54Z" name="addBook" finished-at="2024-07-26T10:40:57Z" duration-ms="3135" status="PASS">
          <params>
            <param index="0">
              <value>
                <![CDATA[SSPP]]>
              </value>
            </param>
            <param index="1">
              <value>
                <![CDATA[0001]]>
              </value>
            </param>
          </params>
        </test-method>
        <test-method signature="addBook(java.lang.String, java.lang.String)" started-at="2024-07-26T10:40:57Z" name="addBook" finished-at="2024-07-26T10:40:57Z" duration-ms="163" status="PASS">
          <params>
            <param index="0">
              <value>
                <![CDATA[SSPQ]]>
              </value>
            </param>
            <param index="1">
              <value>
                <![CDATA[0002]]>
              </value>
            </param>
          </params>
        </test-method>
        <test-method signature="addBook(java.lang.String, java.lang.String)" started-at="2024-07-26T10:40:57Z" name="addBook" finished-at="2024-07-26T10:40:57Z" duration-ms="233" status="PASS">
          <params>
            <param index="0">
              <value>
                <![CDATA[SSPR]]>
              </value>
            </param>
            <param index="1">
              <value>
                <![CDATA[0003]]>
              </value>
            </param>
          </params>
        </test-method>
      </class>
    </test>
  </suite>
</testng-results>
